#
# There is insufficient memory for the Java Runtime Environment to continue.
# Native memory allocation (mmap) failed to map 65536 bytes for Failed to commit area from 0x00000174e26b0000 to 0x00000174e26c0000 of length 65536.
# Possible reasons:
#   The system is out of physical RAM or swap space
#   The process is running with CompressedOops enabled, and the Java Heap may be blocking the growth of the native heap
# Possible solutions:
#   Reduce memory load on the system
#   Increase physical memory or swap space
#   Check if swap backing store is full
#   Decrease Java heap size (-Xmx/-Xms)
#   Decrease number of Java threads
#   Decrease Java thread stack sizes (-Xss)
#   Set larger code cache with -XX:ReservedCodeCacheSize=
# This output file may be truncated or incomplete.
#
#  Out of Memory Error (./src/hotspot/os/windows/os_windows.cpp:3301), pid=6416, tid=2668
#
# JRE version:  (11.0.11+9) (build )
# Java VM: OpenJDK 64-Bit Server VM (11.0.11+9-b60-7590822, mixed mode, sharing, tiered, compressed oops, g1 gc, windows-amd64)
# No core dump will be written. Minidumps are not enabled by default on client versions of Windows
#

---------------  S U M M A R Y ------------

Command Line: org.jetbrains.kotlin.cli.jvm.K2JVMCompiler @D:\Production\MyApplication\app\build\20220505_4655046357781261238.compiler.options

Host: AMD Ryzen 7 5800H with Radeon Graphics         , 16 cores, 13G,  Windows 10 , 64 bit Build 22000 (10.0.22000.613)
Time: Thu May  5 09:14:20 2022 台北标准时间 elapsed time: 0.009739 seconds (0d 0h 0m 0s)

---------------  T H R E A D  ---------------

Current thread (0x00000174ca542000):  JavaThread "Unknown thread" [_thread_in_vm, id=2668, stack(0x0000003092500000,0x0000003092600000)]

Stack: [0x0000003092500000,0x0000003092600000]
Native frames: (J=compiled Java code, j=interpreted, Vv=VM code, C=native code)
V  [jvm.dll+0x5f214a]
V  [jvm.dll+0x726fb5]
V  [jvm.dll+0x7285cd]
V  [jvm.dll+0x728c83]
V  [jvm.dll+0x243278]
V  [jvm.dll+0x5ef544]
V  [jvm.dll+0x5e4495]
V  [jvm.dll+0x2fec5b]
V  [jvm.dll+0x2febca]
V  [jvm.dll+0x2feaa2]
V  [jvm.dll+0x303a95]
V  [jvm.dll+0x34c3c7]
V  [jvm.dll+0x34caa6]
V  [jvm.dll+0x34c4a3]
V  [jvm.dll+0x2d9688]
V  [jvm.dll+0x2da837]
V  [jvm.dll+0x705ba7]
V  [jvm.dll+0x70739c]
V  [jvm.dll+0x3598f9]
V  [jvm.dll+0x6e931e]
V  [jvm.dll+0x3c1c43]
V  [jvm.dll+0x3c3e81]
C  [jli.dll+0x5373]
C  [ucrtbase.dll+0x26c0c]
C  [KERNEL32.DLL+0x154e0]
C  [ntdll.dll+0x485b]


---------------  P R O C E S S  ---------------

Threads class SMR info:
_java_thread_list=0x00000174c8216ea0, length=0, elements={
}

Java Threads: ( => current thread )

Other Threads:
  0x00000174ca559800 GCTaskThread "GC Thread#0" [stack: 0x0000003092600000,0x0000003092700000] [id=3744]
  0x00000174ca5ab000 ConcurrentGCThread "G1 Main Marker" [stack: 0x0000003092700000,0x0000003092800000] [id=4508]
  0x00000174ca5ac800 ConcurrentGCThread "G1 Conc#0" [stack: 0x0000003092800000,0x0000003092900000] [id=15188]

[error occurred during error reporting (printing all threads), id 0xc0000005, EXCEPTION_ACCESS_VIOLATION (0xc0000005) at pc=0x00007ffcc73d9c47]

VM state:not at safepoint (not fully initialized)

VM Mutex/Monitor currently owned by a thread:  ([mutex/lock_event])
[0x00000174ca53e8d0] Heap_lock - owner thread: 0x00000174ca542000

Heap address: 0x0000000722400000, size: 3548 MB, Compressed Oops mode: Non-zero based: 0x0000000722400000
Narrow klass base: 0x0000000000000000, Narrow klass shift: 0

GC Heap History (0 events):
No events

Deoptimization events (0 events):
No events

Classes redefined (0 events):
No events

Internal exceptions (0 events):
No events

Events (1 events):
Event: 0.005 Loaded shared library D:\DevelopmentSoftWare\Android Studio\jre\bin\zip.dll


Dynamic libraries:
0x00007ff7af990000 - 0x00007ff7af99a000 	D:\DevelopmentSoftWare\Android Studio\jre\bin\java.exe
0x00007ffd56500000 - 0x00007ffd56709000 	C:\WINDOWS\SYSTEM32\ntdll.dll
0x00007ffd54b80000 - 0x00007ffd54c3d000 	C:\WINDOWS\System32\KERNEL32.DLL
0x00007ffd53a60000 - 0x00007ffd53dd4000 	C:\WINDOWS\System32\KERNELBASE.dll
0x00007ffd54040000 - 0x00007ffd54151000 	C:\WINDOWS\System32\ucrtbase.dll
0x00007ffd20080000 - 0x00007ffd20097000 	D:\DevelopmentSoftWare\Android Studio\jre\bin\VCRUNTIME140.dll
0x00007ffd200a0000 - 0x00007ffd200b9000 	D:\DevelopmentSoftWare\Android Studio\jre\bin\jli.dll
0x00007ffd558e0000 - 0x00007ffd55a8c000 	C:\WINDOWS\System32\USER32.dll
0x00007ffd54370000 - 0x00007ffd54396000 	C:\WINDOWS\System32\win32u.dll
0x00007ffd3bc50000 - 0x00007ffd3bef5000 	C:\WINDOWS\WinSxS\amd64_microsoft.windows.common-controls_6595b64144ccf1df_6.0.22000.120_none_9d947278b86cc467\COMCTL32.dll
0x00007ffd55b40000 - 0x00007ffd55be3000 	C:\WINDOWS\System32\msvcrt.dll
0x00007ffd544a0000 - 0x00007ffd544c9000 	C:\WINDOWS\System32\GDI32.dll
0x00007ffd53e60000 - 0x00007ffd53f72000 	C:\WINDOWS\System32\gdi32full.dll
0x00007ffd542d0000 - 0x00007ffd5436d000 	C:\WINDOWS\System32\msvcp_win.dll
0x00007ffd55890000 - 0x00007ffd558c1000 	C:\WINDOWS\System32\IMM32.DLL
0x00007ffce5560000 - 0x00007ffce55fd000 	D:\DevelopmentSoftWare\Android Studio\jre\bin\msvcp140.dll
0x00007ffcc70f0000 - 0x00007ffcc7bc5000 	D:\DevelopmentSoftWare\Android Studio\jre\bin\server\jvm.dll
0x00007ffd55a90000 - 0x00007ffd55b3e000 	C:\WINDOWS\System32\ADVAPI32.dll
0x00007ffd54400000 - 0x00007ffd5449e000 	C:\WINDOWS\System32\sechost.dll
0x00007ffd56000000 - 0x00007ffd56120000 	C:\WINDOWS\System32\RPCRT4.dll
0x00007ffd55f60000 - 0x00007ffd55f68000 	C:\WINDOWS\System32\PSAPI.DLL
0x00007ffd0b470000 - 0x00007ffd0b479000 	C:\WINDOWS\SYSTEM32\WSOCK32.dll
0x00007ffd4bb80000 - 0x00007ffd4bbb3000 	C:\WINDOWS\SYSTEM32\WINMM.dll
0x00007ffd4a800000 - 0x00007ffd4a80a000 	C:\WINDOWS\SYSTEM32\VERSION.dll
0x00007ffd55c50000 - 0x00007ffd55cbf000 	C:\WINDOWS\System32\WS2_32.dll
0x00007ffd52b60000 - 0x00007ffd52b78000 	C:\WINDOWS\SYSTEM32\kernel.appcore.dll
0x00007ffd2b0b0000 - 0x00007ffd2b0c1000 	D:\DevelopmentSoftWare\Android Studio\jre\bin\verify.dll
0x00007ffd51130000 - 0x00007ffd51351000 	C:\WINDOWS\SYSTEM32\DBGHELP.DLL
0x00007ffd1ce90000 - 0x00007ffd1cec1000 	C:\WINDOWS\SYSTEM32\dbgcore.DLL
0x00007ffd53de0000 - 0x00007ffd53e5f000 	C:\WINDOWS\System32\bcryptPrimitives.dll
0x00007ffd083d0000 - 0x00007ffd083f9000 	D:\DevelopmentSoftWare\Android Studio\jre\bin\java.dll
0x00007ffd44f20000 - 0x00007ffd44f2b000 	D:\DevelopmentSoftWare\Android Studio\jre\bin\jimage.dll
0x00007ffd06100000 - 0x00007ffd06118000 	D:\DevelopmentSoftWare\Android Studio\jre\bin\zip.dll

dbghelp: loaded successfully - version: 4.0.5 - missing functions: none
symbol engine: initialized successfully - sym options: 0x614 - pdb path: .;D:\DevelopmentSoftWare\Android Studio\jre\bin;C:\WINDOWS\SYSTEM32;C:\WINDOWS\WinSxS\amd64_microsoft.windows.common-controls_6595b64144ccf1df_6.0.22000.120_none_9d947278b86cc467;D:\DevelopmentSoftWare\Android Studio\jre\bin\server

VM Arguments:
java_command: org.jetbrains.kotlin.cli.jvm.K2JVMCompiler @D:\Production\MyApplication\app\build\20220505_4655046357781261238.compiler.options
java_class_path (initial): C:\Users\X\.gradle\caches\modules-2\files-2.1\org.jetbrains.kotlin\kotlin-compiler-embeddable\1.6.21\97bdd5a752ce73b58ef16c17bc7f0ea2faff7a2e\kotlin-compiler-embeddable-1.6.21.jar;C:\Users\X\.gradle\caches\modules-2\files-2.1\org.jetbrains.kotlin\kotlin-reflect\1.6.21\5dc3574d9b7bebfcb4ec6b10ada4aaa9e140bd0b\kotlin-reflect-1.6.21.jar;C:\Users\X\.gradle\caches\modules-2\files-2.1\org.jetbrains.kotlin\kotlin-stdlib\1.6.21\11ef67f1900634fd951bad28c53ec957fabbe5b8\kotlin-stdlib-1.6.21.jar;C:\Users\X\.gradle\caches\modules-2\files-2.1\org.jetbrains.kotlin\kotlin-script-runtime\1.6.21\99c6675100da5d6d5b1c5a1032f27f28008d101b\kotlin-script-runtime-1.6.21.jar;C:\Users\X\.gradle\caches\modules-2\files-2.1\org.jetbrains.kotlin\kotlin-daemon-embeddable\1.6.21\46b78cf392e1c4f10854c3cadba44abb7b82250f\kotlin-daemon-embeddable-1.6.21.jar;C:\Users\X\.gradle\caches\modules-2\files-2.1\org.jetbrains.intellij.deps\trove4j\1.0.20200330\3afb14d5f9ceb459d724e907a21145e8ff394f02\trove4j-1.0.20200330.jar;C:\Users\X\.gradle\caches\modules-2\files-2.1\net.java.dev.jna\jna\5.6.0\330f2244e9030119ab3030fc3fededc86713d9cc\jna-5.6.0.jar;C:\Users\X\.gradle\caches\modules-2\files-2.1\org.jetbrains.kotlin\kotlin-stdlib-common\1.6.21\5e5b55c26dbc80372a920aef60eb774b714559b8\kotlin-stdlib-common-1.6.21.jar;C:\Users\X\.gradle\caches\modules-2\files-2.1\org.jetbrains\annotations\13.0\919f0dfe192fb4e063e7dacadee7f8bb9a2672a9\annotations-13.0.jar
Launcher Type: SUN_STANDARD

[Global flags]
     intx CICompilerCount                          = 12                                        {product} {ergonomic}
     uint ConcGCThreads                            = 3                                         {product} {ergonomic}
     uint G1ConcRefinementThreads                  = 13                                        {product} {ergonomic}
   size_t G1HeapRegionSize                         = 1048576                                   {product} {ergonomic}
    uintx GCDrainStackTargetSize                   = 64                                        {product} {ergonomic}
   size_t InitialHeapSize                          = 232783872                                 {product} {ergonomic}
   size_t MarkStackSize                            = 4194304                                   {product} {ergonomic}
   size_t MaxHeapSize                              = 3720347648                                {product} {ergonomic}
   size_t MinHeapDeltaBytes                        = 1048576                                   {product} {ergonomic}
    uintx NonNMethodCodeHeapSize                   = 7594288                                {pd product} {ergonomic}
    uintx NonProfiledCodeHeapSize                  = 122031976                              {pd product} {ergonomic}
    uintx ProfiledCodeHeapSize                     = 122031976                              {pd product} {ergonomic}
    uintx ReservedCodeCacheSize                    = 251658240                              {pd product} {ergonomic}
     bool SegmentedCodeCache                       = true                                      {product} {ergonomic}
     bool UseCompressedClassPointers               = true                                 {lp64_product} {ergonomic}
     bool UseCompressedOops                        = true                                 {lp64_product} {ergonomic}
     bool UseG1GC                                  = true                                      {product} {ergonomic}
     bool UseLargePagesIndividualAllocation        = false                                  {pd product} {ergonomic}

Logging:
Log output configuration:
 #0: stdout all=warning uptime,level,tags
 #1: stderr all=off uptime,level,tags

Environment Variables:
JAVA_HOME=D:\Program Files\Java\jdk1.8.0_301
CLASSPATH=.;D:\Program Files\Java\jdk1.8.0_301\lib\dt.jar;D:\Program Files\Java\jdk1.8.0_301\lib\tools.jar;
PATH=D:\Program Files (x86)\Vmware\bin\;C:\Program Files (x86)\Common Files\Oracle\Java\javapath;C:\WINDOWS\system32;C:\WINDOWS;C:\WINDOWS\System32\Wbem;C:\WINDOWS\System32\WindowsPowerShell\v1.0\;C:\WINDOWS\System32\OpenSSH\;D:\Program Files\Git\cmd;C:\ProgramData\chocolatey\bin;D:\Program Files\Dart\dart-sdk\bin;C:\Program Files\nodejs\;C:\Program Files\MySQL\MySQL Shell 8.0\bin\;C:\Users\X\AppData\Local\Microsoft\WindowsApps;D:\DevelopmentSoftWare\IDE\IntelliJ IDEA 2021.1.3\bin;;C:\Program Files\MySQL\MySQL Server 5.7\bin;D:\Program Files\apache-maven-3.6.1\bin;D:\Program Files\Microsoft VS Code\bin;D:\Program Files\Java\jdk1.8.0_301\bin;D:\Program Files\Java\jdk1.8.0_301\jre\bin;C:\Program Files\Google\Chrome\Application;D:\DevelopmentSoftWare\DevEco Studio 2.1.0.501\bin;;D:\Program Files\WebStorm 2021.3.3\bin;;C:\Users\X\AppData\Local\Android\Sdk;C:\Users\X\AppData\Local\Android\Sdk\platform-tools;C:\Users\X\AppData\Local\Android\Sdk\emulator;C:\Users\X\AppData\Local\Android\Sdk\tools;C:\Users\X\AppData\Local\Android\Sdk\tools\bin;C:\Program Files\Bandizip\;D:\DevelopmentSoftWare\flutter\bin;D:\Program Files\javafx-sdk-17.0.2\bin;C:\Users\X\.gradle\wrapper\dists\gradle-7.2-bin\2dnblmf4td7x66yl1d74lt32g\gradle-7.2\bin;C:\Program Files\Redis;C:\Users\X\AppData\Roaming\npm;C:\Users\X\AppData\Local\GitHubDesktop\bin
USERNAME=Knight
OS=Windows_NT
PROCESSOR_IDENTIFIER=AMD64 Family 25 Model 80 Stepping 0, AuthenticAMD



---------------  S Y S T E M  ---------------

OS: Windows 10 , 64 bit Build 22000 (10.0.22000.613)
OS uptime: 0 days 0:06 hours

CPU:total 16 (initial active 16) (16 cores per cpu, 2 threads per core) family 25 model 80 stepping 0 microcode 0x0, cmov, cx8, fxsr, mmx, sse, sse2, sse3, ssse3, sse4.1, sse4.2, popcnt, avx, avx2, aes, clmul, erms, mmxext, 3dnowpref, lzcnt, sse4a, ht, tsc, tscinvbit, tscinv, bmi1, bmi2,

Memory: 4k page, system-wide physical 14188M (2047M free)
TotalPageFile size 16857M (AvailPageFile size 5M)
current process WorkingSet (physical memory assigned to process): 14M, peak: 14M
current process commit charge ("private bytes"): 298M, peak: 298M

vm_info: OpenJDK 64-Bit Server VM (11.0.11+9-b60-7590822) for windows-amd64 JRE (11.0.11+9-b60-7590822), built on Jul 29 2021 21:43:44 by "builder" with MS VC++ 14.0 (VS2015)

END.
